{
  "stats": {
    "suites": 1,
    "tests": 1,
    "passes": 1,
    "pending": 0,
    "failures": 0,
    "start": "2025-04-19T16:51:51.821Z",
    "end": "2025-04-19T16:51:54.200Z",
    "duration": 2379,
    "testsRegistered": 1,
    "passPercent": 100,
    "pendingPercent": 0,
    "other": 0,
    "hasOther": false,
    "skipped": 0,
    "hasSkipped": false
  },
  "results": [
    {
      "uuid": "b53b21ba-c008-4de9-b08b-75cddb6d6366",
      "title": "",
      "fullFile": "cypress\\e2e\\login.cy.js",
      "file": "cypress\\e2e\\login.cy.js",
      "beforeHooks": [],
      "afterHooks": [],
      "tests": [],
      "suites": [
        {
          "uuid": "58570426-23ea-4ae0-a11c-024db6ac232c",
          "title": "Login Page",
          "fullFile": "",
          "file": "",
          "beforeHooks": [],
          "afterHooks": [],
          "tests": [
            {
              "title": "should log in with valid credentials",
              "fullTitle": "Login Page should log in with valid credentials",
              "timedOut": null,
              "duration": 2209,
              "state": "passed",
              "speed": "fast",
              "pass": true,
              "fail": false,
              "pending": false,
              "context": null,
              "code": "cy.visit('http://localhost:4200/login');\ncy.get('input[formControlName=\"email\"]').type('user@gmail.com');\ncy.get('input[formControlName=\"password\"]').type('user');\ncy.get('button[type=\"submit\"]').click();\ncy.url().should('include', '/chat');",
              "err": {},
              "uuid": "9756d8c1-40b2-4cdf-ad7e-4834f73b4568",
              "parentUUID": "58570426-23ea-4ae0-a11c-024db6ac232c",
              "isHook": false,
              "skipped": false
            }
          ],
          "suites": [],
          "passes": [
            "9756d8c1-40b2-4cdf-ad7e-4834f73b4568"
          ],
          "failures": [],
          "pending": [],
          "skipped": [],
          "duration": 2209,
          "root": false,
          "rootEmpty": false,
          "_timeout": 2000
        }
      ],
      "passes": [],
      "failures": [],
      "pending": [],
      "skipped": [],
      "duration": 0,
      "root": true,
      "rootEmpty": true,
      "_timeout": 2000
    }
  ],
  "meta": {
    "mocha": {
      "version": "7.2.0"
    },
    "mochawesome": {
      "options": {
        "quiet": false,
        "reportFilename": "mochawesome",
        "saveHtml": true,
        "saveJson": true,
        "consoleReporter": "spec",
        "useInlineDiffs": false,
        "code": true
      },
      "version": "7.1.3"
    },
    "marge": {
      "options": {
        "reportDir": "cypress/results",
        "overwrite": false,
        "html": true,
        "json": true
      },
      "version": "6.2.0"
    }
  }
}