{
  "stats": {
    "suites": 1,
    "tests": 1,
    "passes": 1,
    "pending": 0,
    "failures": 0,
    "start": "2025-04-20T01:40:37.946Z",
    "end": "2025-04-20T01:40:40.534Z",
    "duration": 2588,
    "testsRegistered": 1,
    "passPercent": 100,
    "pendingPercent": 0,
    "other": 0,
    "hasOther": false,
    "skipped": 0,
    "hasSkipped": false
  },
  "results": [
    {
      "uuid": "c17d2af0-8bf5-4b64-978c-bb0365dd57d8",
      "title": "",
      "fullFile": "cypress\\e2e\\chat.cy.js",
      "file": "cypress\\e2e\\chat.cy.js",
      "beforeHooks": [],
      "afterHooks": [],
      "tests": [],
      "suites": [
        {
          "uuid": "f87a5d2f-679f-4096-bd4f-6220d0135ab2",
          "title": "Group Chat Message",
          "fullFile": "",
          "file": "",
          "beforeHooks": [],
          "afterHooks": [],
          "tests": [
            {
              "title": "should send a group message and display it in chat",
              "fullTitle": "Group Chat Message should send a group message and display it in chat",
              "timedOut": null,
              "duration": 2503,
              "state": "passed",
              "speed": "fast",
              "pass": true,
              "fail": false,
              "pending": false,
              "context": null,
              "code": "const message = 'Hello group from Cypress!';\n// Use the more specific selector\ncy.get('[data-cy=\"message-input\"]').should('have.length', 1).type(message);\ncy.get('[data-cy=\"send-button\"]').click();\ncy.contains(message).should('exist');",
              "err": {},
              "uuid": "2fcc8246-111e-4b16-b8db-899610c1d0d7",
              "parentUUID": "f87a5d2f-679f-4096-bd4f-6220d0135ab2",
              "isHook": false,
              "skipped": false
            }
          ],
          "suites": [],
          "passes": [
            "2fcc8246-111e-4b16-b8db-899610c1d0d7"
          ],
          "failures": [],
          "pending": [],
          "skipped": [],
          "duration": 2503,
          "root": false,
          "rootEmpty": false,
          "_timeout": 2000
        }
      ],
      "passes": [],
      "failures": [],
      "pending": [],
      "skipped": [],
      "duration": 0,
      "root": true,
      "rootEmpty": true,
      "_timeout": 2000
    }
  ],
  "meta": {
    "mocha": {
      "version": "7.2.0"
    },
    "mochawesome": {
      "options": {
        "quiet": false,
        "reportFilename": "mochawesome",
        "saveHtml": true,
        "saveJson": true,
        "consoleReporter": "spec",
        "useInlineDiffs": false,
        "code": true
      },
      "version": "7.1.3"
    },
    "marge": {
      "options": {
        "reportDir": "cypress/results",
        "overwrite": false,
        "html": true,
        "json": true
      },
      "version": "6.2.0"
    }
  }
}