{
  "stats": {
    "suites": 1,
    "tests": 1,
    "passes": 1,
    "pending": 0,
    "failures": 0,
    "start": "2025-04-19T16:55:13.757Z",
    "end": "2025-04-19T16:55:16.360Z",
    "duration": 2603,
    "testsRegistered": 1,
    "passPercent": 100,
    "pendingPercent": 0,
    "other": 0,
    "hasOther": false,
    "skipped": 0,
    "hasSkipped": false
  },
  "results": [
    {
      "uuid": "50a9c8ec-e354-4dd9-bf4e-c0cd4410fa53",
      "title": "",
      "fullFile": "cypress\\e2e\\chat.cy.js",
      "file": "cypress\\e2e\\chat.cy.js",
      "beforeHooks": [],
      "afterHooks": [],
      "tests": [],
      "suites": [
        {
          "uuid": "85443d7c-33a1-47bb-b4d8-64cfbb9ec722",
          "title": "Group Chat Message",
          "fullFile": "",
          "file": "",
          "beforeHooks": [],
          "afterHooks": [],
          "tests": [
            {
              "title": "should send a group message and display it in chat",
              "fullTitle": "Group Chat Message should send a group message and display it in chat",
              "timedOut": null,
              "duration": 2521,
              "state": "passed",
              "speed": "fast",
              "pass": true,
              "fail": false,
              "pending": false,
              "context": null,
              "code": "const message = 'Hello group from Cypress!';\n// Use the more specific selector\ncy.get('[data-cy=\"message-input\"]').should('have.length', 1).type(message);\ncy.get('[data-cy=\"send-button\"]').click();\ncy.contains(message).should('exist');",
              "err": {},
              "uuid": "aac740ea-23b2-4dd8-9958-e1c01846d1d1",
              "parentUUID": "85443d7c-33a1-47bb-b4d8-64cfbb9ec722",
              "isHook": false,
              "skipped": false
            }
          ],
          "suites": [],
          "passes": [
            "aac740ea-23b2-4dd8-9958-e1c01846d1d1"
          ],
          "failures": [],
          "pending": [],
          "skipped": [],
          "duration": 2521,
          "root": false,
          "rootEmpty": false,
          "_timeout": 2000
        }
      ],
      "passes": [],
      "failures": [],
      "pending": [],
      "skipped": [],
      "duration": 0,
      "root": true,
      "rootEmpty": true,
      "_timeout": 2000
    }
  ],
  "meta": {
    "mocha": {
      "version": "7.2.0"
    },
    "mochawesome": {
      "options": {
        "quiet": false,
        "reportFilename": "mochawesome",
        "saveHtml": true,
        "saveJson": true,
        "consoleReporter": "spec",
        "useInlineDiffs": false,
        "code": true
      },
      "version": "7.1.3"
    },
    "marge": {
      "options": {
        "reportDir": "cypress/results",
        "overwrite": false,
        "html": true,
        "json": true
      },
      "version": "6.2.0"
    }
  }
}